<?xml version="1.0" encoding="UTF-8"?>
<testsuite xmlns:xsi="http://www.w3.org/2001/XMLSchema-instance" xsi:noNamespaceSchemaLocation="https://maven.apache.org/surefire/maven-surefire-plugin/xsd/surefire-test-report-3.0.xsd" version="3.0" name="order.PaymentServiceClientTest" time="1.813" tests="2" errors="0" skipped="0" failures="0">
    <testcase name="getPayment_nonexistentOrderId_shouldThrowException" classname="payment.SelfVerificationTests" time="0.508"/>
    <testcase name="getPayment_validOrderId_shouldYieldExpectedPayment" classname="payment.SelfVerificationTests" time="0.048"/>
</testsuite>